normalize_min: [-15.104894]
normalize_delta: [15.16804]
Master@errandpy@Epoch: 1 cost= 96.0982 a= 0.0010240057 b= 0.9989624 c= 1.0009766 d= 1.0009766 z_0= 62 z_e= 1023 bias= 62
Master@errandpy@Epoch: 6 cost= 81.33751 a= 0.006143524 b= 0.9937744 c= 1.0058594 d= 1.0058594 z_0= 62 z_e= 1023 bias= 62
Master@errandpy@Epoch: 11 cost= 66.64722 a= 0.011263978 b= 0.9885864 c= 1.0107422 d= 1.0107422 z_0= 62 z_e= 1023 bias= 62
Master@errandpy@Epoch: 16 cost= 52.026554 a= 0.016385209 b= 0.98339844 c= 1.015625 d= 1.015625 z_0= 62 z_e= 1023 bias= 62
Master@errandpy@Epoch: 21 cost= 37.476032 a= 0.02150644 b= 0.97821045 c= 1.0205078 d= 1.0205078 z_0= 62 z_e= 1023 bias= 62
Master@errandpy@Epoch: 26 cost= 23.037268 a= 0.02662051 b= 0.97302246 c= 1.0253906 d= 1.0253906 z_0= 62 z_e= 1023 bias= 62
Master@errandpy@Epoch: 31 cost= 13.05457 a= 0.031052476 b= 0.9683977 c= 1.029908 d= 1.0298531 z_0= 62 z_e= 1023 bias= 62
Master@errandpy@Epoch: 36 cost= 12.32681 a= 0.0313708 b= 0.9644199 c= 1.0334556 d= 1.0324117 z_0= 62 z_e= 1023 bias= 62
Master@errandpy@Epoch: 41 cost= 11.878538 a= 0.029916285 b= 0.9595371 c= 1.0383384 d= 1.0370744 z_0= 62 z_e= 1023 bias= 62
Master@errandpy@Epoch: 46 cost= 11.552687 a= 0.028482566 b= 0.9546543 c= 1.0432066 d= 1.0415014 z_0= 62 z_e= 1023 bias= 62
Master@errandpy@Epoch: 51 cost= 11.335757 a= 0.02742857 b= 0.94977146 c= 1.0480894 d= 1.0450866 z_0= 62 z_e= 1023 bias= 62
Master@errandpy@Epoch: 56 cost= 11.171441 a= 0.027400436 b= 0.9447786 c= 1.052892 d= 1.0411884 z_0= 62 z_e= 1023 bias= 62
Master@errandpy@Epoch: 61 cost= 11.004398 a= 0.027642634 b= 0.93959266 c= 1.0577748 d= 1.0358853 z_0= 62 z_e= 1023 bias= 62
Master@errandpy@Epoch: 66 cost= 10.841919 a= 0.027887112 b= 0.93452233 c= 1.0626576 d= 1.0302963 z_0= 62 z_e= 1023 bias= 62
Master@errandpy@Epoch: 71 cost= 10.684226 a= 0.02813379 b= 0.9294748 c= 1.0675404 d= 1.0247858 z_0= 62 z_e= 1023 bias= 62
Master@errandpy@Epoch: 76 cost= 10.529946 a= 0.028328381 b= 0.9243757 c= 1.0723548 d= 1.019445 z_0= 62 z_e= 1023 bias= 62
Master@errandpy@Epoch: 81 cost= 10.382546 a= 0.028587354 b= 0.9193703 c= 1.0771332 d= 1.0140169 z_0= 62 z_e= 1023 bias= 62
Master@errandpy@Epoch: 86 cost= 10.238074 a= 0.028809113 b= 0.9142544 c= 1.0819882 d= 1.0088351 z_0= 62 z_e= 1023 bias= 62
Master@errandpy@Epoch: 91 cost= 10.096991 a= 0.02908509 b= 0.9092781 c= 1.0863698 d= 1.003416 z_0= 62 z_e= 1023 bias= 62
Master@errandpy@Epoch: 96 cost= 9.96237 a= 0.029381627 b= 0.90426743 c= 1.0900645 d= 0.99814963 z_0= 62 z_e= 1023 bias= 62
Master@errandpy@Epoch: 101 cost= 9.829565 a= 0.029786985 b= 0.89913976 c= 1.0915002 d= 0.9929627 z_0= 62 z_e= 1023 bias= 62
Master@errandpy@Epoch: 106 cost= 9.696673 a= 0.030181002 b= 0.89395815 c= 1.0934211 d= 0.9877748 z_0= 62 z_e= 1023 bias= 62
Master@errandpy@Epoch: 111 cost= 9.56411 a= 0.030669624 b= 0.88877934 c= 1.0930995 d= 0.9825886 z_0= 62 z_e= 1023 bias= 62
Master@errandpy@Epoch: 116 cost= 9.431423 a= 0.031174712 b= 0.8835935 c= 1.0927304 d= 0.97740066 z_0= 62 z_e= 1023 bias= 62
Master@errandpy@Epoch: 121 cost= 9.2990265 a= 0.03162155 b= 0.8784055 c= 1.0932931 d= 0.9722205 z_0= 62 z_e= 1023 bias= 62
Master@errandpy@Epoch: 126 cost= 9.16689 a= 0.032058828 b= 0.8732175 c= 1.0939215 d= 0.96703595 z_0= 62 z_e= 1023 bias= 62
Master@errandpy@Epoch: 131 cost= 9.034968 a= 0.03250177 b= 0.8680302 c= 1.094368 d= 0.9618504 z_0= 62 z_e= 1023 bias= 62
Master@errandpy@Epoch: 136 cost= 8.903722 a= 0.032989983 b= 0.8628454 c= 1.0942816 d= 0.95667326 z_0= 62 z_e= 1023 bias= 62
Master@errandpy@Epoch: 141 cost= 8.773682 a= 0.033427525 b= 0.8576579 c= 1.095344 d= 0.9514881 z_0= 62 z_e= 1023 bias= 62
Master@errandpy@Epoch: 146 cost= 8.644949 a= 0.033923388 b= 0.8524803 c= 1.0948586 d= 0.94630414 z_0= 62 z_e= 1023 bias= 62
Master@errandpy@Epoch: 151 cost= 8.516537 a= 0.034527548 b= 0.8472983 c= 1.0931641 d= 0.9411195 z_0= 62 z_e= 1023 bias= 62
Master@errandpy@Epoch: 156 cost= 8.388209 a= 0.0351076 b= 0.84211046 c= 1.0915658 d= 0.93593925 z_0= 62 z_e= 1023 bias= 62
Master@errandpy@Epoch: 161 cost= 8.26054 a= 0.035702184 b= 0.83692247 c= 1.0902069 d= 0.93076646 z_0= 62 z_e= 1023 bias= 62
Master@errandpy@Epoch: 166 cost= 8.133074 a= 0.03615894 b= 0.8317345 c= 1.0913717 d= 0.9255792 z_0= 62 z_e= 1023 bias= 62
Master@errandpy@Epoch: 171 cost= 8.006316 a= 0.03663928 b= 0.82657003 c= 1.0920489 d= 0.9203926 z_0= 62 z_e= 1023 bias= 62
Master@errandpy@Epoch: 176 cost= 7.880113 a= 0.03723839 b= 0.821384 c= 1.0904279 d= 0.91520894 z_0= 62 z_e= 1023 bias= 62
Master@errandpy@Epoch: 181 cost= 7.7542963 a= 0.037699517 b= 0.8161983 c= 1.0911638 d= 0.9100289 z_0= 62 z_e= 1023 bias= 62
Master@errandpy@Epoch: 186 cost= 7.6289268 a= 0.038325965 b= 0.81102926 c= 1.0892065 d= 0.9048458 z_0= 62 z_e= 1023 bias= 62
Master@errandpy@Epoch: 191 cost= 7.5041885 a= 0.038842864 b= 0.80584127 c= 1.0888503 d= 0.89966744 z_0= 62 z_e= 1023 bias= 62
Master@errandpy@Epoch: 196 cost= 7.3795204 a= 0.03937732 b= 0.80065364 c= 1.0882465 d= 0.8944824 z_0= 62 z_e= 1023 bias= 62
Master@errandpy@Epoch: 201 cost= 7.256412 a= 0.03998095 b= 0.79550105 c= 1.0867885 d= 0.88930243 z_0= 62 z_e= 1023 bias= 62
Master@errandpy@Epoch: 206 cost= 7.1341214 a= 0.040594496 b= 0.7903241 c= 1.0847043 d= 0.8841405 z_0= 62 z_e= 1023 bias= 62
Master@errandpy@Epoch: 211 cost= 7.014286 a= 0.04114019 b= 0.7851631 c= 1.0838982 d= 0.87899345 z_0= 62 z_e= 1023 bias= 62
Master@errandpy@Epoch: 216 cost= 6.8954825 a= 0.041725162 b= 0.7799959 c= 1.0827386 d= 0.8738218 z_0= 62 z_e= 1023 bias= 62
Master@errandpy@Epoch: 221 cost= 6.7780643 a= 0.042333987 b= 0.7748344 c= 1.0809277 d= 0.86867404 z_0= 62 z_e= 1023 bias= 62
Master@errandpy@Epoch: 226 cost= 6.661316 a= 0.042896435 b= 0.7696875 c= 1.0800995 d= 0.86350393 z_0= 62 z_e= 1023 bias= 62
Master@errandpy@Epoch: 231 cost= 6.5464654 a= 0.043547615 b= 0.7645404 c= 1.0779766 d= 0.85835683 z_0= 62 z_e= 1023 bias= 62
Master@errandpy@Epoch: 236 cost= 6.432756 a= 0.044235487 b= 0.75940686 c= 1.0747225 d= 0.8531768 z_0= 62 z_e= 1023 bias= 62
Master@errandpy@Epoch: 241 cost= 6.321277 a= 0.04491223 b= 0.7542408 c= 1.0718539 d= 0.8480798 z_0= 62 z_e= 1023 bias= 62
Master@errandpy@Epoch: 246 cost= 6.2108054 a= 0.045565527 b= 0.74910724 c= 1.0694821 d= 0.84290594 z_0= 62 z_e= 1023 bias= 62
Master@errandpy@Epoch: 251 cost= 6.1004977 a= 0.04626635 b= 0.74391925 c= 1.066697 d= 0.83773965 z_0= 62 z_e= 1023 bias= 62
Master@errandpy@Epoch: 256 cost= 5.9954953 a= 0.046962455 b= 0.73886365 c= 1.0638089 d= 0.832648 z_0= 62 z_e= 1023 bias= 62
Master@errandpy@Epoch: 261 cost= 5.89497 a= 0.047744367 b= 0.733808 c= 1.0594696 d= 0.8275519 z_0= 62 z_e= 1023 bias= 62
Master@errandpy@Epoch: 266 cost= 5.800737 a= 0.048467286 b= 0.72871494 c= 1.0553312 d= 0.82252204 z_0= 62 z_e= 1023 bias= 62
Master@errandpy@Epoch: 271 cost= 5.7071905 a= 0.049149573 b= 0.7235332 c= 1.0520896 d= 0.81741405 z_0= 62 z_e= 1023 bias= 62
Master@errandpy@Epoch: 276 cost= 5.618411 a= 0.049908165 b= 0.7184571 c= 1.0477614 d= 0.8123114 z_0= 62 z_e= 1023 bias= 62
Master@errandpy@Epoch: 281 cost= 5.533774 a= 0.05074716 b= 0.7135239 c= 1.0428791 d= 0.8071572 z_0= 62 z_e= 1023 bias= 62
Master@errandpy@Epoch: 286 cost= 5.453773 a= 0.05146957 b= 0.7083466 c= 1.0387671 d= 0.80213577 z_0= 62 z_e= 1023 bias= 62
Master@errandpy@Epoch: 291 cost= 5.377765 a= 0.0522778 b= 0.7033038 c= 1.0340075 d= 0.7970808 z_0= 62 z_e= 1023 bias= 62
Master@errandpy@Epoch: 296 cost= 5.3065114 a= 0.05308565 b= 0.6983168 c= 1.0290114 d= 0.79204327 z_0= 62 z_e= 1023 bias= 62
Master@errandpy@Epoch: 301 cost= 5.235966 a= 0.05388158 b= 0.69315374 c= 1.0244277 d= 0.78696996 z_0= 62 z_e= 1023 bias= 62
Master@errandpy@Epoch: 306 cost= 5.167452 a= 0.054677498 b= 0.6881122 c= 1.0195386 d= 0.78189224 z_0= 62 z_e= 1023 bias= 62
Master@errandpy@Epoch: 311 cost= 5.1057734 a= 0.055615067 b= 0.68343467 c= 1.0140463 d= 0.77675277 z_0= 62 z_e= 1023 bias= 62
Master@errandpy@Epoch: 316 cost= 5.0469074 a= 0.056434315 b= 0.6785363 c= 1.0089109 d= 0.7716478 z_0= 62 z_e= 1023 bias= 62
Master@errandpy@Epoch: 321 cost= 5.0004597 a= 0.057423502 b= 0.6744499 c= 1.0036267 d= 0.7666512 z_0= 62 z_e= 1023 bias= 62
Master@errandpy@Epoch: 326 cost= 4.9586625 a= 0.058320116 b= 0.6699512 c= 0.99860114 d= 0.76161623 z_0= 62 z_e= 1023 bias= 62
Master@errandpy@Epoch: 331 cost= 4.9226537 a= 0.05925807 b= 0.6660188 c= 0.9936543 d= 0.75669676 z_0= 62 z_e= 1023 bias= 62
Master@errandpy@Epoch: 336 cost= 4.892071 a= 0.060117528 b= 0.6617459 c= 0.988787 d= 0.75186497 z_0= 62 z_e= 1023 bias= 62
Master@errandpy@Epoch: 341 cost= 4.8694925 a= 0.060996138 b= 0.6579967 c= 0.9840341 d= 0.747179 z_0= 62 z_e= 1023 bias= 62
Master@errandpy@Epoch: 346 cost= 4.85114 a= 0.06196393 b= 0.65462214 c= 0.97925955 d= 0.7425567 z_0= 62 z_e= 1023 bias= 62
Master@errandpy@Epoch: 351 cost= 4.838969 a= 0.06294477 b= 0.65174305 c= 0.97480124 d= 0.7382422 z_0= 62 z_e= 1023 bias= 62
Master@errandpy@Epoch: 356 cost= 4.8303304 a= 0.063719995 b= 0.64870715 c= 0.9703449 d= 0.7343468 z_0= 62 z_e= 1023 bias= 62
Master@errandpy@Epoch: 361 cost= 4.8264775 a= 0.064214356 b= 0.6467131 c= 0.9664252 d= 0.7321123 z_0= 62 z_e= 1023 bias= 62
Master@errandpy@Epoch: 366 cost= 4.8244896 a= 0.06441645 b= 0.6449247 c= 0.962534 d= 0.73124474 z_0= 62 z_e= 1023 bias= 62
Master@errandpy@Epoch: 371 cost= 4.8231845 a= 0.06450474 b= 0.6439213 c= 0.95917654 d= 0.7311218 z_0= 62 z_e= 1023 bias= 62
Master@errandpy@Epoch: 376 cost= 4.8220587 a= 0.064504236 b= 0.64320695 c= 0.9560059 d= 0.73156005 z_0= 62 z_e= 1023 bias= 62
Master@errandpy@Epoch: 381 cost= 4.82092 a= 0.06447481 b= 0.6425246 c= 0.9527759 d= 0.7321711 z_0= 62 z_e= 1023 bias= 62
Master@errandpy@Epoch: 386 cost= 4.8198166 a= 0.06440149 b= 0.6419016 c= 0.9497042 d= 0.73294353 z_0= 62 z_e= 1023 bias= 62
Master@errandpy@Epoch: 391 cost= 4.818567 a= 0.064246215 b= 0.641255 c= 0.9463262 d= 0.734098 z_0= 62 z_e= 1023 bias= 62
Master@errandpy@Epoch: 396 cost= 4.8173094 a= 0.064119995 b= 0.6405958 c= 0.94288564 d= 0.7351755 z_0= 62 z_e= 1023 bias= 62
Master@errandpy@Epoch: 401 cost= 4.8160625 a= 0.06401461 b= 0.6399313 c= 0.93944585 d= 0.736189 z_0= 62 z_e= 1023 bias= 62
Master@errandpy@Epoch: 406 cost= 4.815047 a= 0.06393719 b= 0.6393348 c= 0.93662983 d= 0.73694634 z_0= 62 z_e= 1023 bias= 62
Master@errandpy@Epoch: 411 cost= 4.814096 a= 0.063868605 b= 0.63876104 c= 0.93398875 d= 0.7376375 z_0= 62 z_e= 1023 bias= 62
Master@errandpy@Epoch: 416 cost= 4.813139 a= 0.063799724 b= 0.6381838 c= 0.9313418 d= 0.738331 z_0= 62 z_e= 1023 bias= 62
Master@errandpy@Epoch: 421 cost= 4.812179 a= 0.063730545 b= 0.6376069 c= 0.92869616 d= 0.7390301 z_0= 62 z_e= 1023 bias= 62
Master@errandpy@Epoch: 426 cost= 4.8112116 a= 0.0636609 b= 0.6370277 c= 0.92604584 d= 0.73973346 z_0= 62 z_e= 1023 bias= 62
Master@errandpy@Epoch: 431 cost= 4.810235 a= 0.06359084 b= 0.636446 c= 0.9233867 d= 0.7404436 z_0= 62 z_e= 1023 bias= 62
Master@errandpy@Epoch: 436 cost= 4.8092556 a= 0.063520536 b= 0.6358625 c= 0.92072505 d= 0.74115777 z_0= 62 z_e= 1023 bias= 62
Master@errandpy@Epoch: 441 cost= 4.808268 a= 0.06344966 b= 0.6352773 c= 0.9180557 d= 0.7418788 z_0= 62 z_e= 1023 bias= 62
Master@errandpy@Epoch: 446 cost= 4.807274 a= 0.06337849 b= 0.6346907 c= 0.91538393 d= 0.7426047 z_0= 62 z_e= 1023 bias= 62
Master@errandpy@Epoch: 451 cost= 4.8062716 a= 0.06330709 b= 0.63410056 c= 0.9127024 d= 0.7433366 z_0= 62 z_e= 1023 bias= 62
Master@errandpy@Epoch: 456 cost= 4.8052654 a= 0.06323503 b= 0.6335109 c= 0.9100233 d= 0.7440739 z_0= 62 z_e= 1023 bias= 62
Master@errandpy@Epoch: 461 cost= 4.8042912 a= 0.063173145 b= 0.6329131 c= 0.9074143 d= 0.74474144 z_0= 62 z_e= 1023 bias= 62
Master@errandpy@Epoch: 466 cost= 4.8033504 a= 0.063123696 b= 0.6323052 c= 0.90487814 d= 0.74532527 z_0= 62 z_e= 1023 bias= 62
Master@errandpy@Epoch: 471 cost= 4.802404 a= 0.06307378 b= 0.6316939 c= 0.9023368 d= 0.7459133 z_0= 62 z_e= 1023 bias= 62
Master@errandpy@Epoch: 476 cost= 4.801454 a= 0.06302399 b= 0.6310814 c= 0.899794 d= 0.74650544 z_0= 62 z_e= 1023 bias= 62
Master@errandpy@Epoch: 481 cost= 4.800495 a= 0.062973745 b= 0.63046736 c= 0.897243 d= 0.7471029 z_0= 62 z_e= 1023 bias= 62
Master@errandpy@Epoch: 486 cost= 4.7995377 a= 0.06292337 b= 0.62985516 c= 0.89470553 d= 0.7476995 z_0= 62 z_e= 1023 bias= 62
Master@errandpy@Epoch: 491 cost= 4.798483 a= 0.062859416 b= 0.62918735 c= 0.8919173 d= 0.7484051 z_0= 62 z_e= 1023 bias= 62
Master@errandpy@Epoch: 496 cost= 4.7972155 a= 0.062777534 b= 0.6283906 c= 0.8885799 d= 0.7492833 z_0= 62 z_e= 1023 bias= 62
Master@errandpy@Epoch: 501 cost= 4.795933 a= 0.062692486 b= 0.6276023 c= 0.8852329 d= 0.7501911 z_0= 62 z_e= 1023 bias= 62
Master@errandpy@Epoch: 506 cost= 4.7947326 a= 0.062566966 b= 0.6270707 c= 0.8822051 d= 0.7513546 z_0= 62 z_e= 1023 bias= 62
Master@errandpy@Epoch: 511 cost= 4.7937307 a= 0.062424526 b= 0.6266251 c= 0.8796877 d= 0.75246274 z_0= 62 z_e= 1023 bias= 62
Master@errandpy@Epoch: 516 cost= 4.792906 a= 0.062303446 b= 0.6262412 c= 0.87754864 d= 0.7533988 z_0= 62 z_e= 1023 bias= 62
Master@errandpy@Epoch: 521 cost= 4.7920666 a= 0.06217992 b= 0.62585145 c= 0.8753774 d= 0.7543544 z_0= 62 z_e= 1023 bias= 62
Master@errandpy@Epoch: 526 cost= 4.791222 a= 0.06205806 b= 0.6254605 c= 0.87319916 d= 0.7553096 z_0= 62 z_e= 1023 bias= 62
Master@errandpy@Epoch: 531 cost= 4.790376 a= 0.06193816 b= 0.6250701 c= 0.8710242 d= 0.75626266 z_0= 62 z_e= 1023 bias= 62
Master@errandpy@Epoch: 536 cost= 4.78953 a= 0.061820343 b= 0.6246797 c= 0.8688411 d= 0.7572142 z_0= 62 z_e= 1023 bias= 62
Master@errandpy@Epoch: 541 cost= 4.788668 a= 0.06170577 b= 0.6242738 c= 0.86661917 d= 0.7581563 z_0= 62 z_e= 1023 bias= 62
Master@errandpy@Epoch: 546 cost= 4.787831 a= 0.061617915 b= 0.6238713 c= 0.8643935 d= 0.75901085 z_0= 62 z_e= 1023 bias= 62
Master@errandpy@Epoch: 551 cost= 4.7870007 a= 0.061530236 b= 0.62347174 c= 0.8621898 d= 0.7598599 z_0= 62 z_e= 1023 bias= 62
Master@errandpy@Epoch: 556 cost= 4.786038 a= 0.061427597 b= 0.6230026 c= 0.8596031 d= 0.76086384 z_0= 62 z_e= 1023 bias= 62
Master@errandpy@Epoch: 561 cost= 4.7850885 a= 0.06134086 b= 0.622518 c= 0.85701483 d= 0.76178205 z_0= 62 z_e= 1023 bias= 62
Master@errandpy@Epoch: 566 cost= 4.7841353 a= 0.06125356 b= 0.62203175 c= 0.85442585 d= 0.76270634 z_0= 62 z_e= 1023 bias= 62
Master@errandpy@Epoch: 571 cost= 4.783173 a= 0.061165974 b= 0.6215441 c= 0.8518294 d= 0.7636384 z_0= 62 z_e= 1023 bias= 62
Master@errandpy@Epoch: 576 cost= 4.7822046 a= 0.061085768 b= 0.62104166 c= 0.8492003 d= 0.76453537 z_0= 62 z_e= 1023 bias= 62
Master@errandpy@Epoch: 581 cost= 4.781221 a= 0.061008446 b= 0.62052816 c= 0.8465362 d= 0.7654297 z_0= 62 z_e= 1023 bias= 62
Master@errandpy@Epoch: 586 cost= 4.7802277 a= 0.060930513 b= 0.62001014 c= 0.8438583 d= 0.7663318 z_0= 62 z_e= 1023 bias= 62
Master@errandpy@Epoch: 591 cost= 4.779234 a= 0.060853053 b= 0.619496 c= 0.8411959 d= 0.7672357 z_0= 62 z_e= 1023 bias= 62
Master@errandpy@Epoch: 596 cost= 4.778238 a= 0.06077506 b= 0.61898154 c= 0.8385373 d= 0.7681421 z_0= 62 z_e= 1023 bias= 62
Master@errandpy@Epoch: 601 cost= 4.777221 a= 0.060624834 b= 0.6184922 c= 0.835872 d= 0.7694206 z_0= 62 z_e= 1023 bias= 62
Master@errandpy@Epoch: 606 cost= 4.776096 a= 0.060515672 b= 0.6178105 c= 0.8326945 d= 0.7705689 z_0= 62 z_e= 1023 bias= 62
Master@errandpy@Epoch: 611 cost= 4.775061 a= 0.060434364 b= 0.6171215 c= 0.8297053 d= 0.771515 z_0= 62 z_e= 1023 bias= 62
Master@errandpy@Epoch: 616 cost= 4.774017 a= 0.06035279 b= 0.61643076 c= 0.82671237 d= 0.77247006 z_0= 62 z_e= 1023 bias= 62
Master@errandpy@Epoch: 621 cost= 4.772963 a= 0.060270566 b= 0.6157378 c= 0.8237114 d= 0.7734329 z_0= 62 z_e= 1023 bias= 62
Master@errandpy@Epoch: 626 cost= 4.771896 a= 0.06018747 b= 0.6150388 c= 0.8206872 d= 0.7744111 z_0= 62 z_e= 1023 bias= 62
Master@errandpy@Epoch: 631 cost= 4.7708206 a= 0.060103662 b= 0.61433583 c= 0.81766194 d= 0.77539647 z_0= 62 z_e= 1023 bias= 62
Master@errandpy@Epoch: 636 cost= 4.769744 a= 0.060020115 b= 0.61363596 c= 0.8146489 d= 0.7763848 z_0= 62 z_e= 1023 bias= 62
Master@errandpy@Epoch: 641 cost= 4.768752 a= 0.059941143 b= 0.6129963 c= 0.8118929 d= 0.77730334 z_0= 62 z_e= 1023 bias= 62
Master@errandpy@Epoch: 646 cost= 4.767633 a= 0.059851594 b= 0.61227757 c= 0.80879724 d= 0.7783455 z_0= 62 z_e= 1023 bias= 62
Master@errandpy@Epoch: 651 cost= 4.7664976 a= 0.059761122 b= 0.6115524 c= 0.8056881 d= 0.77940124 z_0= 62 z_e= 1023 bias= 62
Master@errandpy@Epoch: 656 cost= 4.7655816 a= 0.059673794 b= 0.61099553 c= 0.8031915 d= 0.7803447 z_0= 62 z_e= 1023 bias= 62
Master@errandpy@Epoch: 661 cost= 4.7647038 a= 0.059587423 b= 0.61043614 c= 0.80076486 d= 0.7812451 z_0= 62 z_e= 1023 bias= 62
Master@errandpy@Epoch: 666 cost= 4.7638054 a= 0.059498046 b= 0.60986567 c= 0.7982916 d= 0.7821722 z_0= 62 z_e= 1023 bias= 62
Master@errandpy@Epoch: 671 cost= 4.7628984 a= 0.059408728 b= 0.6092923 c= 0.79581136 d= 0.7831027 z_0= 62 z_e= 1023 bias= 62
Master@errandpy@Epoch: 676 cost= 4.761984 a= 0.059320003 b= 0.60871226 c= 0.7933151 d= 0.7840387 z_0= 62 z_e= 1023 bias= 62
Master@errandpy@Epoch: 681 cost= 4.7611203 a= 0.059258036 b= 0.60812867 c= 0.79091525 d= 0.78482085 z_0= 62 z_e= 1023 bias= 62
Master@errandpy@Epoch: 686 cost= 4.760336 a= 0.05919276 b= 0.6076221 c= 0.7887595 d= 0.7855884 z_0= 62 z_e= 1023 bias= 62
Master@errandpy@Epoch: 691 cost= 4.7595496 a= 0.059127543 b= 0.6071161 c= 0.7866099 d= 0.786359 z_0= 62 z_e= 1023 bias= 62
Master@errandpy@Epoch: 696 cost= 4.758761 a= 0.05906208 b= 0.6066108 c= 0.78446525 d= 0.7871307 z_0= 62 z_e= 1023 bias= 62
Master@errandpy@Epoch: 701 cost= 4.7579675 a= 0.058996227 b= 0.6061034 c= 0.78231573 d= 0.787909 z_0= 62 z_e= 1023 bias= 62
Master@errandpy@Epoch: 706 cost= 4.7571683 a= 0.058929857 b= 0.6055928 c= 0.78015924 d= 0.788694 z_0= 62 z_e= 1023 bias= 62
Master@errandpy@Epoch: 711 cost= 4.756341 a= 0.058855854 b= 0.6050944 c= 0.7779314 d= 0.78955436 z_0= 62 z_e= 1023 bias= 62
Master@errandpy@Epoch: 716 cost= 4.7556424 a= 0.05876171 b= 0.6047458 c= 0.7761229 d= 0.7904725 z_0= 62 z_e= 1023 bias= 62
Master@errandpy@Epoch: 721 cost= 4.755046 a= 0.058674388 b= 0.6044647 c= 0.774612 d= 0.7912972 z_0= 62 z_e= 1023 bias= 62
Master@errandpy@Epoch: 726 cost= 4.754455 a= 0.05858708 b= 0.6041802 c= 0.7731039 d= 0.7921156 z_0= 62 z_e= 1023 bias= 62
Optimization Finished!
cost= 4.754455 a= 0.05858708 b= 0.6041802 c= 0.7731039 d= 0.7921156 z0_index= 62 ze_index= 1023
